  [1m[35m (2282.3ms)[0m  [1m[35mCREATE DATABASE "TraceMyPace_development" ENCODING = 'unicode'[0m
  ↳ bin/rails:9
  [1m[35m (1852.6ms)[0m  [1m[35mCREATE DATABASE "TraceMyPace_test" ENCODING = 'unicode'[0m
  ↳ bin/rails:9
  [1m[35m (40.2ms)[0m  [1m[35mCREATE TABLE "schema_migrations" ("version" character varying NOT NULL PRIMARY KEY)[0m
  ↳ bin/rails:9
  [1m[35m (12.1ms)[0m  [1m[35mCREATE TABLE "ar_internal_metadata" ("key" character varying NOT NULL PRIMARY KEY, "value" character varying, "created_at" timestamp NOT NULL, "updated_at" timestamp NOT NULL)[0m
  ↳ bin/rails:9
  [1m[35m (0.3ms)[0m  [1m[34mSELECT pg_try_advisory_lock(7822129140203158830)[0m
  ↳ bin/rails:9
  [1m[35m (5.8ms)[0m  [1m[34mSELECT "schema_migrations"."version" FROM "schema_migrations" ORDER BY "schema_migrations"."version" ASC[0m
  ↳ bin/rails:9
Migrating to CreateUsers (20200406182829)
  [1m[35m (0.2ms)[0m  [1m[35mBEGIN[0m
  ↳ bin/rails:9
  [1m[35m (13.6ms)[0m  [1m[35mCREATE TABLE "users" ("id" bigserial primary key, "email" character varying NOT NULL, "first_name" character varying NOT NULL, "last_name" character varying NOT NULL, "gender" character varying NOT NULL, "location" character varying NOT NULL, "birth_date" timestamp NOT NULL, "password_digest" character varying NOT NULL, "session_token" character varying NOT NULL, "created_at" timestamp NOT NULL, "updated_at" timestamp NOT NULL)[0m
  ↳ db/migrate/20200406182829_create_users.rb:3
  [1m[35m (3.7ms)[0m  [1m[35mCREATE UNIQUE INDEX  "index_users_on_email" ON "users"  ("email")[0m
  ↳ db/migrate/20200406182829_create_users.rb:16
  [1m[35m (5.4ms)[0m  [1m[35mCREATE UNIQUE INDEX  "index_users_on_session_token" ON "users"  ("session_token")[0m
  ↳ db/migrate/20200406182829_create_users.rb:17
  [1m[36mActiveRecord::SchemaMigration Create (1.0ms)[0m  [1m[32mINSERT INTO "schema_migrations" ("version") VALUES ($1) RETURNING "version"[0m  [["version", "20200406182829"]]
  ↳ bin/rails:9
  [1m[35m (2.4ms)[0m  [1m[35mCOMMIT[0m
  ↳ bin/rails:9
  [1m[36mActiveRecord::InternalMetadata Load (7.0ms)[0m  [1m[34mSELECT  "ar_internal_metadata".* FROM "ar_internal_metadata" WHERE "ar_internal_metadata"."key" = $1 LIMIT $2[0m  [["key", "environment"], ["LIMIT", 1]]
  ↳ bin/rails:9
  [1m[35m (0.2ms)[0m  [1m[35mBEGIN[0m
  ↳ bin/rails:9
  [1m[36mActiveRecord::InternalMetadata Create (2.9ms)[0m  [1m[32mINSERT INTO "ar_internal_metadata" ("key", "value", "created_at", "updated_at") VALUES ($1, $2, $3, $4) RETURNING "key"[0m  [["key", "environment"], ["value", "development"], ["created_at", "2020-04-06 18:37:19.572372"], ["updated_at", "2020-04-06 18:37:19.572372"]]
  ↳ bin/rails:9
  [1m[35m (3.3ms)[0m  [1m[35mCOMMIT[0m
  ↳ bin/rails:9
  [1m[35m (0.3ms)[0m  [1m[34mSELECT pg_advisory_unlock(7822129140203158830)[0m
  ↳ bin/rails:9
  [1m[35m (0.3ms)[0m  [1m[34mSELECT "schema_migrations"."version" FROM "schema_migrations" ORDER BY "schema_migrations"."version" ASC[0m
  ↳ bin/rails:9
  [1m[35m (11.0ms)[0m  [1m[34mSELECT "schema_migrations"."version" FROM "schema_migrations" ORDER BY "schema_migrations"."version" ASC[0m
  ↳ bin/rails:9
  [1m[35m (0.3ms)[0m  [1m[34mSELECT "schema_migrations"."version" FROM "schema_migrations" ORDER BY "schema_migrations"."version" ASC[0m
  ↳ bin/rails:9
  [1m[35m (0.3ms)[0m  [1m[34mSELECT "schema_migrations"."version" FROM "schema_migrations" ORDER BY "schema_migrations"."version" ASC[0m
  ↳ bin/rails:9
  [1m[35m (0.2ms)[0m  [1m[34mSELECT pg_try_advisory_lock(7822129140203158830)[0m
  ↳ bin/rails:9
  [1m[35m (0.2ms)[0m  [1m[34mSELECT "schema_migrations"."version" FROM "schema_migrations" ORDER BY "schema_migrations"."version" ASC[0m
  ↳ bin/rails:9
Migrating to CreateUsers (20200406182829)
  [1m[35m (0.1ms)[0m  [1m[35mBEGIN[0m
  ↳ bin/rails:9
  [1m[35m (2.8ms)[0m  [1m[35mDROP INDEX  "index_users_on_session_token"[0m
  ↳ bin/rails:9
  [1m[35m (0.3ms)[0m  [1m[35mDROP INDEX  "index_users_on_email"[0m
  ↳ bin/rails:9
  [1m[35m (7.7ms)[0m  [1m[35mDROP TABLE "users"[0m
  ↳ bin/rails:9
  [1m[36mActiveRecord::SchemaMigration Destroy (0.9ms)[0m  [1m[31mDELETE FROM "schema_migrations" WHERE "schema_migrations"."version" = $1[0m  [["version", "20200406182829"]]
  ↳ bin/rails:9
  [1m[35m (48.8ms)[0m  [1m[35mCOMMIT[0m
  ↳ bin/rails:9
  [1m[35m (0.3ms)[0m  [1m[34mSELECT pg_advisory_unlock(7822129140203158830)[0m
  ↳ bin/rails:9
  [1m[35m (0.2ms)[0m  [1m[34mSELECT "schema_migrations"."version" FROM "schema_migrations" ORDER BY "schema_migrations"."version" ASC[0m
  ↳ bin/rails:9
  [1m[35m (0.9ms)[0m  [1m[35mCREATE DATABASE "TraceMyPace_development" ENCODING = 'unicode'[0m
  ↳ bin/rails:9
  [1m[35m (1.0ms)[0m  [1m[35mCREATE DATABASE "TraceMyPace_test" ENCODING = 'unicode'[0m
  ↳ bin/rails:9
  [1m[35m (0.2ms)[0m  [1m[34mSELECT pg_try_advisory_lock(7822129140203158830)[0m
  ↳ bin/rails:9
  [1m[35m (12.0ms)[0m  [1m[34mSELECT "schema_migrations"."version" FROM "schema_migrations" ORDER BY "schema_migrations"."version" ASC[0m
  ↳ bin/rails:9
Migrating to CreateUsers (20200406182829)
  [1m[35m (0.2ms)[0m  [1m[35mBEGIN[0m
  ↳ bin/rails:9
  [1m[35m (73.7ms)[0m  [1m[35mCREATE TABLE "users" ("id" bigserial primary key, "email" character varying NOT NULL, "first_name" character varying NOT NULL, "last_name" character varying NOT NULL, "gender" character varying NOT NULL, "birth_date" date NOT NULL, "password_digest" character varying NOT NULL, "session_token" character varying NOT NULL, "location_id" integer NOT NULL, "created_at" timestamp NOT NULL, "updated_at" timestamp NOT NULL)[0m
  ↳ db/migrate/20200406182829_create_users.rb:3
  [1m[35m (5.5ms)[0m  [1m[35mCREATE UNIQUE INDEX  "index_users_on_email" ON "users"  ("email")[0m
  ↳ db/migrate/20200406182829_create_users.rb:16
  [1m[35m (3.6ms)[0m  [1m[35mCREATE UNIQUE INDEX  "index_users_on_session_token" ON "users"  ("session_token")[0m
  ↳ db/migrate/20200406182829_create_users.rb:17
  [1m[36mActiveRecord::SchemaMigration Create (0.6ms)[0m  [1m[32mINSERT INTO "schema_migrations" ("version") VALUES ($1) RETURNING "version"[0m  [["version", "20200406182829"]]
  ↳ bin/rails:9
  [1m[35m (10.9ms)[0m  [1m[35mCOMMIT[0m
  ↳ bin/rails:9
Migrating to CreateLocations (20200406190651)
  [1m[35m (1.4ms)[0m  [1m[35mBEGIN[0m
  ↳ bin/rails:9
  [1m[35m (13.3ms)[0m  [1m[35mCREATE TABLE "locations" ("id" bigserial primary key, "name" character varying NOT NULL, "created_at" timestamp NOT NULL, "updated_at" timestamp NOT NULL)[0m
  ↳ db/migrate/20200406190651_create_locations.rb:3
  [1m[36mActiveRecord::SchemaMigration Create (0.3ms)[0m  [1m[32mINSERT INTO "schema_migrations" ("version") VALUES ($1) RETURNING "version"[0m  [["version", "20200406190651"]]
  ↳ bin/rails:9
  [1m[35m (2.3ms)[0m  [1m[35mCOMMIT[0m
  ↳ bin/rails:9
  [1m[36mActiveRecord::InternalMetadata Load (20.8ms)[0m  [1m[34mSELECT  "ar_internal_metadata".* FROM "ar_internal_metadata" WHERE "ar_internal_metadata"."key" = $1 LIMIT $2[0m  [["key", "environment"], ["LIMIT", 1]]
  ↳ bin/rails:9
  [1m[35m (0.4ms)[0m  [1m[35mBEGIN[0m
  ↳ bin/rails:9
  [1m[35m (1.5ms)[0m  [1m[35mCOMMIT[0m
  ↳ bin/rails:9
  [1m[35m (0.6ms)[0m  [1m[34mSELECT pg_advisory_unlock(7822129140203158830)[0m
  ↳ bin/rails:9
  [1m[35m (0.4ms)[0m  [1m[34mSELECT "schema_migrations"."version" FROM "schema_migrations" ORDER BY "schema_migrations"."version" ASC[0m
  ↳ bin/rails:9
Started GET "/" for ::1 at 2020-04-06 17:12:49 -0400
  [1m[35m (16.3ms)[0m  [1m[34mSELECT "schema_migrations"."version" FROM "schema_migrations" ORDER BY "schema_migrations"."version" ASC[0m
  ↳ /home/sunghan/.rbenv/versions/2.5.1/lib/ruby/gems/2.5.0/gems/activerecord-5.2.4.2/lib/active_record/log_subscriber.rb:98
Processing by StaticPagesController#root as HTML
  Rendering static_pages/root.html.erb within layouts/application
  [1m[36mUser Load (27.4ms)[0m  [1m[34mSELECT  "users".* FROM "users" WHERE "users"."session_token" IS NULL LIMIT $1[0m  [["LIMIT", 1]]
  ↳ app/controllers/application_controller.rb:6
  Rendered static_pages/root.html.erb within layouts/application (140.7ms)
Completed 200 OK in 4638ms (Views: 4561.7ms | ActiveRecord: 33.2ms)


Started GET "/" for ::1 at 2020-04-06 17:16:42 -0400
Processing by StaticPagesController#root as HTML
  Rendering static_pages/root.html.erb within layouts/application
  [1m[36mUser Load (0.5ms)[0m  [1m[34mSELECT  "users".* FROM "users" WHERE "users"."session_token" IS NULL LIMIT $1[0m  [["LIMIT", 1]]
  ↳ app/controllers/application_controller.rb:6
  Rendered static_pages/root.html.erb within layouts/application (6.8ms)
Completed 200 OK in 77ms (Views: 69.6ms | ActiveRecord: 0.5ms)


Started GET "/" for ::1 at 2020-04-06 17:17:36 -0400
Processing by StaticPagesController#root as HTML
  Rendering static_pages/root.html.erb within layouts/application
  [1m[36mUser Load (0.7ms)[0m  [1m[34mSELECT  "users".* FROM "users" WHERE "users"."session_token" IS NULL LIMIT $1[0m  [["LIMIT", 1]]
  ↳ app/controllers/application_controller.rb:6
  Rendered static_pages/root.html.erb within layouts/application (46.1ms)
Completed 200 OK in 97ms (Views: 91.8ms | ActiveRecord: 0.7ms)


Started GET "/" for ::1 at 2020-04-06 17:19:20 -0400
Processing by StaticPagesController#root as HTML
  Rendering static_pages/root.html.erb within layouts/application
  [1m[36mUser Load (0.5ms)[0m  [1m[34mSELECT  "users".* FROM "users" WHERE "users"."session_token" IS NULL LIMIT $1[0m  [["LIMIT", 1]]
  ↳ app/controllers/application_controller.rb:6
  Rendered static_pages/root.html.erb within layouts/application (6.6ms)
Completed 200 OK in 377ms (Views: 372.6ms | ActiveRecord: 0.5ms)


Started GET "/" for ::1 at 2020-04-06 17:19:35 -0400
Processing by StaticPagesController#root as HTML
  Rendering static_pages/root.html.erb within layouts/application
  [1m[36mUser Load (0.4ms)[0m  [1m[34mSELECT  "users".* FROM "users" WHERE "users"."session_token" IS NULL LIMIT $1[0m  [["LIMIT", 1]]
  ↳ app/controllers/application_controller.rb:6
  Rendered static_pages/root.html.erb within layouts/application (14.1ms)
Completed 200 OK in 467ms (Views: 459.9ms | ActiveRecord: 0.4ms)


Started GET "/" for ::1 at 2020-04-06 17:19:58 -0400
Processing by StaticPagesController#root as HTML
  Rendering static_pages/root.html.erb within layouts/application
  [1m[36mUser Load (0.5ms)[0m  [1m[34mSELECT  "users".* FROM "users" WHERE "users"."session_token" IS NULL LIMIT $1[0m  [["LIMIT", 1]]
  ↳ app/controllers/application_controller.rb:6
  Rendered static_pages/root.html.erb within layouts/application (38.0ms)
Completed 200 OK in 424ms (Views: 419.2ms | ActiveRecord: 0.5ms)


  [1m[35m (0.2ms)[0m  [1m[34mSELECT pg_try_advisory_lock(7822129140203158830)[0m
  ↳ bin/rails:9
  [1m[35m (11.5ms)[0m  [1m[34mSELECT "schema_migrations"."version" FROM "schema_migrations" ORDER BY "schema_migrations"."version" ASC[0m
  ↳ bin/rails:9
  [1m[36mActiveRecord::InternalMetadata Load (10.0ms)[0m  [1m[34mSELECT  "ar_internal_metadata".* FROM "ar_internal_metadata" WHERE "ar_internal_metadata"."key" = $1 LIMIT $2[0m  [["key", "environment"], ["LIMIT", 1]]
  ↳ bin/rails:9
  [1m[35m (0.2ms)[0m  [1m[35mBEGIN[0m
  ↳ bin/rails:9
  [1m[35m (0.2ms)[0m  [1m[35mCOMMIT[0m
  ↳ bin/rails:9
  [1m[35m (0.2ms)[0m  [1m[34mSELECT pg_advisory_unlock(7822129140203158830)[0m
  ↳ bin/rails:9
  [1m[35m (0.3ms)[0m  [1m[34mSELECT "schema_migrations"."version" FROM "schema_migrations" ORDER BY "schema_migrations"."version" ASC[0m
  ↳ bin/rails:9
Started GET "/" for ::1 at 2020-04-06 18:39:49 -0400
  [1m[35m (0.9ms)[0m  [1m[34mSELECT "schema_migrations"."version" FROM "schema_migrations" ORDER BY "schema_migrations"."version" ASC[0m
  ↳ /home/sunghan/.rbenv/versions/2.5.1/lib/ruby/gems/2.5.0/gems/activerecord-5.2.4.2/lib/active_record/log_subscriber.rb:98
Processing by StaticPagesController#root as HTML
  Rendering static_pages/root.html.erb within layouts/application
  [1m[36mUser Load (17.2ms)[0m  [1m[34mSELECT  "users".* FROM "users" WHERE "users"."session_token" IS NULL LIMIT $1[0m  [["LIMIT", 1]]
  ↳ app/controllers/application_controller.rb:6
  Rendered static_pages/root.html.erb within layouts/application (69.2ms)
Completed 200 OK in 2869ms (Views: 2832.9ms | ActiveRecord: 19.1ms)


Started GET "/" for ::1 at 2020-04-07 11:24:39 -0400
Processing by StaticPagesController#root as HTML
  Rendering static_pages/root.html.erb within layouts/application
  [1m[36mUser Load (19.5ms)[0m  [1m[34mSELECT  "users".* FROM "users" WHERE "users"."session_token" IS NULL LIMIT $1[0m  [["LIMIT", 1]]
  ↳ app/controllers/application_controller.rb:6
  Rendered static_pages/root.html.erb within layouts/application (124.3ms)
Completed 200 OK in 677ms (Views: 548.8ms | ActiveRecord: 97.8ms)


Started POST "/api/users?users[first_name]=%22elijah%22" for ::1 at 2020-04-07 11:25:58 -0400
Processing by Api::UsersController#create as JSON
  Parameters: {"users"=>{"first_name"=>"\"elijah\""}}
Can't verify CSRF token authenticity.
Completed 422 Unprocessable Entity in 1ms (ActiveRecord: 0.0ms)



ActionController::InvalidAuthenticityToken - ActionController::InvalidAuthenticityToken:

Started POST "/api/users?users[first_name]=%22elijah%22&users[last_name]=%22nam%22&users[email]=elijah@gmail.com&users[birth_date]=%2206/11/1988%22&users[gender]=%22M%22&users[location_id]=1&users[password]=[FILTERED]" for ::1 at 2020-04-07 11:29:49 -0400
Processing by Api::UsersController#create as JSON
  Parameters: {"users"=>{"first_name"=>"\"elijah\"", "last_name"=>"\"nam\"", "email"=>"elijah@gmail.com", "birth_date"=>"\"06/11/1988\"", "gender"=>"\"M\"", "location_id"=>"1", "password"=>"[FILTERED]"}}
  [1m[35m (0.2ms)[0m  [1m[35mBEGIN[0m
  ↳ app/controllers/api/users_controller.rb:6
  [1m[36mUser Exists (0.9ms)[0m  [1m[34mSELECT  1 AS one FROM "users" WHERE "users"."email" = $1 LIMIT $2[0m  [["email", "elijah@gmail.com"], ["LIMIT", 1]]
  ↳ app/controllers/api/users_controller.rb:6
  [1m[36mUser Exists (0.4ms)[0m  [1m[34mSELECT  1 AS one FROM "users" WHERE "users"."session_token" = $1 LIMIT $2[0m  [["session_token", "IcecqspaeGZCAgoFvr2cdw"], ["LIMIT", 1]]
  ↳ app/controllers/api/users_controller.rb:6
  [1m[35m (0.3ms)[0m  [1m[31mROLLBACK[0m
  ↳ app/controllers/api/users_controller.rb:6
Completed 500 Internal Server Error in 410ms (ActiveRecord: 81.2ms)



NameError - undefined local variable or method `sex' for #<User:0x00007f6d0a548c50>
Did you mean?  send:
  app/models/user.rb:8:in `block in <class:User>'
  app/controllers/api/users_controller.rb:6:in `create'

Started POST "/api/users?users[first_name]=%22elijah%22&users[last_name]=%22nam%22&users[email]=elijah@gmail.com&users[birth_date]=%2206/11/1988%22&users[gender]=%22M%22&users[location_id]=1&users[password]=[FILTERED]" for ::1 at 2020-04-07 11:32:45 -0400
Processing by Api::UsersController#create as JSON
  Parameters: {"users"=>{"first_name"=>"\"elijah\"", "last_name"=>"\"nam\"", "email"=>"elijah@gmail.com", "birth_date"=>"\"06/11/1988\"", "gender"=>"\"M\"", "location_id"=>"1", "password"=>"[FILTERED]"}}
  [1m[35m (0.5ms)[0m  [1m[35mBEGIN[0m
  ↳ app/controllers/api/users_controller.rb:6
  [1m[36mUser Exists (0.7ms)[0m  [1m[34mSELECT  1 AS one FROM "users" WHERE "users"."email" = $1 LIMIT $2[0m  [["email", "elijah@gmail.com"], ["LIMIT", 1]]
  ↳ app/controllers/api/users_controller.rb:6
  [1m[36mUser Exists (0.4ms)[0m  [1m[34mSELECT  1 AS one FROM "users" WHERE "users"."session_token" = $1 LIMIT $2[0m  [["session_token", "6vBzjkO_YIVnL8k9XGaZSQ"], ["LIMIT", 1]]
  ↳ app/controllers/api/users_controller.rb:6
  [1m[36mLocation Load (13.6ms)[0m  [1m[34mSELECT  "locations".* FROM "locations" WHERE "locations"."id" = $1 LIMIT $2[0m  [["id", 1], ["LIMIT", 1]]
  ↳ app/controllers/api/users_controller.rb:6
  [1m[35m (1.5ms)[0m  [1m[31mROLLBACK[0m
  ↳ app/controllers/api/users_controller.rb:6
Completed 401 Unauthorized in 723ms (Views: 0.2ms | ActiveRecord: 27.0ms)


Started POST "/api/users?users[first_name]=%22elijah%22&users[last_name]=%22nam%22&users[email]=elijah@gmail.com&users[birth_date]=%2206/11/1988%22&users[gender]=%22Male%22&users[location_id]=1&users[password]=[FILTERED]" for ::1 at 2020-04-07 11:34:32 -0400
Processing by Api::UsersController#create as JSON
  Parameters: {"users"=>{"first_name"=>"\"elijah\"", "last_name"=>"\"nam\"", "email"=>"elijah@gmail.com", "birth_date"=>"\"06/11/1988\"", "gender"=>"\"Male\"", "location_id"=>"1", "password"=>"[FILTERED]"}}
Completed 500 Internal Server Error in 16ms (ActiveRecord: 0.0ms)



SyntaxError - syntax error, unexpected ',', expecting ')'
...ender, inclusion: {in: ("Male", "Female")}
...                              ^:
  app/models/user.rb:9:in `'
  app/controllers/api/users_controller.rb:5:in `create'

Started POST "/api/users?users[first_name]=%22elijah%22&users[last_name]=%22nam%22&users[email]=elijah@gmail.com&users[birth_date]=%2206/11/1988%22&users[gender]=%22Male%22&users[location_id]=1&users[password]=[FILTERED]" for ::1 at 2020-04-07 11:35:05 -0400
Processing by Api::UsersController#create as JSON
  Parameters: {"users"=>{"first_name"=>"\"elijah\"", "last_name"=>"\"nam\"", "email"=>"elijah@gmail.com", "birth_date"=>"\"06/11/1988\"", "gender"=>"\"Male\"", "location_id"=>"1", "password"=>"[FILTERED]"}}
  [1m[35m (0.4ms)[0m  [1m[35mBEGIN[0m
  ↳ app/controllers/api/users_controller.rb:6
  [1m[36mUser Exists (0.7ms)[0m  [1m[34mSELECT  1 AS one FROM "users" WHERE "users"."email" = $1 LIMIT $2[0m  [["email", "elijah@gmail.com"], ["LIMIT", 1]]
  ↳ app/controllers/api/users_controller.rb:6
  [1m[36mUser Exists (0.5ms)[0m  [1m[34mSELECT  1 AS one FROM "users" WHERE "users"."session_token" = $1 LIMIT $2[0m  [["session_token", "5aYgu1yW5msLRqgrcHHXuw"], ["LIMIT", 1]]
  ↳ app/controllers/api/users_controller.rb:6
  [1m[36mLocation Load (0.4ms)[0m  [1m[34mSELECT  "locations".* FROM "locations" WHERE "locations"."id" = $1 LIMIT $2[0m  [["id", 1], ["LIMIT", 1]]
  ↳ app/controllers/api/users_controller.rb:6
  [1m[35m (1.1ms)[0m  [1m[31mROLLBACK[0m
  ↳ app/controllers/api/users_controller.rb:6
Completed 401 Unauthorized in 511ms (Views: 0.4ms | ActiveRecord: 18.4ms)


Started POST "/api/users?users[first_name]=%22elijah%22&users[last_name]=%22nam%22&users[email]=elijah@gmail.com&users[birth_date]=%2206/11/1988%22&users[gender]=%22Male%22&users[location_id]=1&users[password]=[FILTERED]" for ::1 at 2020-04-07 11:36:35 -0400
Processing by Api::UsersController#create as JSON
  Parameters: {"users"=>{"first_name"=>"\"elijah\"", "last_name"=>"\"nam\"", "email"=>"elijah@gmail.com", "birth_date"=>"\"06/11/1988\"", "gender"=>"\"Male\"", "location_id"=>"1", "password"=>"[FILTERED]"}}
  [1m[35m (0.2ms)[0m  [1m[35mBEGIN[0m
  ↳ app/controllers/api/users_controller.rb:6
  [1m[36mUser Exists (2.1ms)[0m  [1m[34mSELECT  1 AS one FROM "users" WHERE "users"."email" = $1 LIMIT $2[0m  [["email", "elijah@gmail.com"], ["LIMIT", 1]]
  ↳ app/controllers/api/users_controller.rb:6
  [1m[36mUser Exists (0.5ms)[0m  [1m[34mSELECT  1 AS one FROM "users" WHERE "users"."session_token" = $1 LIMIT $2[0m  [["session_token", "wCLfsKNAI1G86PW2h4r0jQ"], ["LIMIT", 1]]
  ↳ app/controllers/api/users_controller.rb:6
  [1m[36mLocation Load (0.6ms)[0m  [1m[34mSELECT  "locations".* FROM "locations" WHERE "locations"."id" = $1 LIMIT $2[0m  [["id", 1], ["LIMIT", 1]]
  ↳ app/controllers/api/users_controller.rb:6
  [1m[35m (0.2ms)[0m  [1m[31mROLLBACK[0m
  ↳ app/controllers/api/users_controller.rb:6
Completed 401 Unauthorized in 387ms (Views: 0.1ms | ActiveRecord: 3.7ms)


Started POST "/api/users?users[first_name]=%22elijah%22&users[last_name]=%22nam%22&users[email]=elijah@gmail.com&users[birth_date]=%2206/11/1988%22&users[gender]=%22Female%22&users[location_id]=1&users[password]=[FILTERED]" for ::1 at 2020-04-07 11:37:51 -0400
Processing by Api::UsersController#create as JSON
  Parameters: {"users"=>{"first_name"=>"\"elijah\"", "last_name"=>"\"nam\"", "email"=>"elijah@gmail.com", "birth_date"=>"\"06/11/1988\"", "gender"=>"\"Female\"", "location_id"=>"1", "password"=>"[FILTERED]"}}
  [1m[35m (0.4ms)[0m  [1m[35mBEGIN[0m
  ↳ app/controllers/api/users_controller.rb:6
  [1m[36mUser Exists (0.8ms)[0m  [1m[34mSELECT  1 AS one FROM "users" WHERE "users"."email" = $1 LIMIT $2[0m  [["email", "elijah@gmail.com"], ["LIMIT", 1]]
  ↳ app/controllers/api/users_controller.rb:6
  [1m[36mUser Exists (1.3ms)[0m  [1m[34mSELECT  1 AS one FROM "users" WHERE "users"."session_token" = $1 LIMIT $2[0m  [["session_token", "mUICVFmYQKhDT1aJ4-_Pjg"], ["LIMIT", 1]]
  ↳ app/controllers/api/users_controller.rb:6
  [1m[36mLocation Load (0.9ms)[0m  [1m[34mSELECT  "locations".* FROM "locations" WHERE "locations"."id" = $1 LIMIT $2[0m  [["id", 1], ["LIMIT", 1]]
  ↳ app/controllers/api/users_controller.rb:6
  [1m[35m (0.3ms)[0m  [1m[31mROLLBACK[0m
  ↳ app/controllers/api/users_controller.rb:6
Completed 401 Unauthorized in 417ms (Views: 0.2ms | ActiveRecord: 3.6ms)


Started POST "/api/users?users[first_name]=%22elijah%22&users[last_name]=%22nam%22&users[email]=elijah@gmail.com&users[birth_date]=%2206/11/1988%22&users[gender]=%22Female%22&users[location_id]=1&users[password]=[FILTERED]" for ::1 at 2020-04-07 11:39:25 -0400
Processing by Api::UsersController#create as JSON
  Parameters: {"users"=>{"first_name"=>"\"elijah\"", "last_name"=>"\"nam\"", "email"=>"elijah@gmail.com", "birth_date"=>"\"06/11/1988\"", "gender"=>"\"Female\"", "location_id"=>"1", "password"=>"[FILTERED]"}}
  [1m[35m (0.2ms)[0m  [1m[35mBEGIN[0m
  ↳ app/controllers/api/users_controller.rb:6
  [1m[36mUser Exists (1.1ms)[0m  [1m[34mSELECT  1 AS one FROM "users" WHERE "users"."email" = $1 LIMIT $2[0m  [["email", "elijah@gmail.com"], ["LIMIT", 1]]
  ↳ app/controllers/api/users_controller.rb:6
  [1m[36mUser Exists (1.5ms)[0m  [1m[34mSELECT  1 AS one FROM "users" WHERE "users"."session_token" = $1 LIMIT $2[0m  [["session_token", "QA4rWbnxUfwS6mUq3zpCLQ"], ["LIMIT", 1]]
  ↳ app/controllers/api/users_controller.rb:6
  [1m[36mLocation Load (0.6ms)[0m  [1m[34mSELECT  "locations".* FROM "locations" WHERE "locations"."id" = $1 LIMIT $2[0m  [["id", 1], ["LIMIT", 1]]
  ↳ app/controllers/api/users_controller.rb:6
  [1m[35m (0.7ms)[0m  [1m[31mROLLBACK[0m
  ↳ app/controllers/api/users_controller.rb:6
No template found for Api::UsersController#create, rendering head :no_content
Completed 204 No Content in 618ms (ActiveRecord: 43.9ms)


Started POST "/api/users?users[first_name]=%22elijah%22&users[last_name]=%22nam%22&users[email]=elijah@gmail.com&users[birth_date]=%2206/11/1988%22&users[gender]=%22Female%22&users[location_id]=1&users[password]=[FILTERED]" for ::1 at 2020-04-07 11:39:47 -0400
Processing by Api::UsersController#create as JSON
  Parameters: {"users"=>{"first_name"=>"\"elijah\"", "last_name"=>"\"nam\"", "email"=>"elijah@gmail.com", "birth_date"=>"\"06/11/1988\"", "gender"=>"\"Female\"", "location_id"=>"1", "password"=>"[FILTERED]"}}
  [1m[35m (0.5ms)[0m  [1m[35mBEGIN[0m
  ↳ app/controllers/api/users_controller.rb:6
  [1m[36mUser Exists (1.1ms)[0m  [1m[34mSELECT  1 AS one FROM "users" WHERE "users"."email" = $1 LIMIT $2[0m  [["email", "elijah@gmail.com"], ["LIMIT", 1]]
  ↳ app/controllers/api/users_controller.rb:6
  [1m[36mUser Exists (0.7ms)[0m  [1m[34mSELECT  1 AS one FROM "users" WHERE "users"."session_token" = $1 LIMIT $2[0m  [["session_token", "HMLvRxOtqQxgWMGdCnIjAA"], ["LIMIT", 1]]
  ↳ app/controllers/api/users_controller.rb:6
  [1m[36mLocation Load (0.3ms)[0m  [1m[34mSELECT  "locations".* FROM "locations" WHERE "locations"."id" = $1 LIMIT $2[0m  [["id", 1], ["LIMIT", 1]]
  ↳ app/controllers/api/users_controller.rb:6
  [1m[35m (1.1ms)[0m  [1m[31mROLLBACK[0m
  ↳ app/controllers/api/users_controller.rb:6
Completed 401 Unauthorized in 455ms (Views: 0.2ms | ActiveRecord: 15.4ms)


Started POST "/api/users?users[first_name]=%22elijah%22&users[last_name]=%22nam%22&users[email]=elijah@gmail.com&users[birth_date]=%2206/11/1988%22&users[password]=[FILTERED]" for ::1 at 2020-04-07 11:40:20 -0400
Processing by Api::UsersController#create as JSON
  Parameters: {"users"=>{"first_name"=>"\"elijah\"", "last_name"=>"\"nam\"", "email"=>"elijah@gmail.com", "birth_date"=>"\"06/11/1988\"", "password"=>"[FILTERED]"}}
  [1m[35m (0.5ms)[0m  [1m[35mBEGIN[0m
  ↳ app/controllers/api/users_controller.rb:6
  [1m[36mUser Exists (1.2ms)[0m  [1m[34mSELECT  1 AS one FROM "users" WHERE "users"."email" = $1 LIMIT $2[0m  [["email", "elijah@gmail.com"], ["LIMIT", 1]]
  ↳ app/controllers/api/users_controller.rb:6
  [1m[36mUser Exists (1.5ms)[0m  [1m[34mSELECT  1 AS one FROM "users" WHERE "users"."session_token" = $1 LIMIT $2[0m  [["session_token", "NW5-wutxnvZSRQxhBOL9jA"], ["LIMIT", 1]]
  ↳ app/controllers/api/users_controller.rb:6
  [1m[35m (0.3ms)[0m  [1m[31mROLLBACK[0m
  ↳ app/controllers/api/users_controller.rb:6
Completed 401 Unauthorized in 440ms (Views: 0.2ms | ActiveRecord: 3.5ms)


Started POST "/api/users?users[first_name]=%22elijah%22&users[last_name]=%22nam%22&users[email]=elijah@gmail.com&users[birth_date]=%2206/11/1988%22&users[gender]=%22Female%22&users[location_id]=1&users[password]=[FILTERED]" for ::1 at 2020-04-07 11:40:27 -0400
Processing by Api::UsersController#create as JSON
  Parameters: {"users"=>{"first_name"=>"\"elijah\"", "last_name"=>"\"nam\"", "email"=>"elijah@gmail.com", "birth_date"=>"\"06/11/1988\"", "gender"=>"\"Female\"", "location_id"=>"1", "password"=>"[FILTERED]"}}
  [1m[35m (0.3ms)[0m  [1m[35mBEGIN[0m
  ↳ app/controllers/api/users_controller.rb:6
  [1m[36mUser Exists (1.5ms)[0m  [1m[34mSELECT  1 AS one FROM "users" WHERE "users"."email" = $1 LIMIT $2[0m  [["email", "elijah@gmail.com"], ["LIMIT", 1]]
  ↳ app/controllers/api/users_controller.rb:6
  [1m[36mUser Exists (0.8ms)[0m  [1m[34mSELECT  1 AS one FROM "users" WHERE "users"."session_token" = $1 LIMIT $2[0m  [["session_token", "q4iEVN3jNv_Vwr2ZERV2OA"], ["LIMIT", 1]]
  ↳ app/controllers/api/users_controller.rb:6
  [1m[36mLocation Load (0.3ms)[0m  [1m[34mSELECT  "locations".* FROM "locations" WHERE "locations"."id" = $1 LIMIT $2[0m  [["id", 1], ["LIMIT", 1]]
  ↳ app/controllers/api/users_controller.rb:6
  [1m[35m (0.3ms)[0m  [1m[31mROLLBACK[0m
  ↳ app/controllers/api/users_controller.rb:6
Completed 401 Unauthorized in 359ms (Views: 1.0ms | ActiveRecord: 3.2ms)


Started POST "/api/users?users[first_name]=%22elijah%22&users[last_name]=%22nam%22&users[email]=elijah@gmail.com&users[birth_date]=%2206/11/1988%22&users[gender]=Male&users[location_id]=1&users[password]=[FILTERED]" for ::1 at 2020-04-07 11:41:03 -0400
Processing by Api::UsersController#create as JSON
  Parameters: {"users"=>{"first_name"=>"\"elijah\"", "last_name"=>"\"nam\"", "email"=>"elijah@gmail.com", "birth_date"=>"\"06/11/1988\"", "gender"=>"Male", "location_id"=>"1", "password"=>"[FILTERED]"}}
  [1m[35m (0.3ms)[0m  [1m[35mBEGIN[0m
  ↳ app/controllers/api/users_controller.rb:6
  [1m[36mUser Exists (0.4ms)[0m  [1m[34mSELECT  1 AS one FROM "users" WHERE "users"."email" = $1 LIMIT $2[0m  [["email", "elijah@gmail.com"], ["LIMIT", 1]]
  ↳ app/controllers/api/users_controller.rb:6
  [1m[36mUser Exists (0.4ms)[0m  [1m[34mSELECT  1 AS one FROM "users" WHERE "users"."session_token" = $1 LIMIT $2[0m  [["session_token", "rbFtFkXuq1Ue2IIIIV10QA"], ["LIMIT", 1]]
  ↳ app/controllers/api/users_controller.rb:6
  [1m[36mLocation Load (0.2ms)[0m  [1m[34mSELECT  "locations".* FROM "locations" WHERE "locations"."id" = $1 LIMIT $2[0m  [["id", 1], ["LIMIT", 1]]
  ↳ app/controllers/api/users_controller.rb:6
  [1m[35m (0.4ms)[0m  [1m[31mROLLBACK[0m
  ↳ app/controllers/api/users_controller.rb:6
Completed 401 Unauthorized in 323ms (Views: 0.1ms | ActiveRecord: 1.7ms)


Started POST "/api/users?users[first_name]=%22elijah%22&users[last_name]=%22nam%22&users[email]=elijah@gmail.com&users[birth_date]=%2206/11/1988%22&users[gender]=Male&users[location_id]=%221%22&users[password]=[FILTERED]" for ::1 at 2020-04-07 11:41:18 -0400
Processing by Api::UsersController#create as JSON
  Parameters: {"users"=>{"first_name"=>"\"elijah\"", "last_name"=>"\"nam\"", "email"=>"elijah@gmail.com", "birth_date"=>"\"06/11/1988\"", "gender"=>"Male", "location_id"=>"\"1\"", "password"=>"[FILTERED]"}}
  [1m[35m (0.2ms)[0m  [1m[35mBEGIN[0m
  ↳ app/controllers/api/users_controller.rb:6
  [1m[36mUser Exists (0.3ms)[0m  [1m[34mSELECT  1 AS one FROM "users" WHERE "users"."email" = $1 LIMIT $2[0m  [["email", "elijah@gmail.com"], ["LIMIT", 1]]
  ↳ app/controllers/api/users_controller.rb:6
  [1m[36mUser Exists (0.6ms)[0m  [1m[34mSELECT  1 AS one FROM "users" WHERE "users"."session_token" = $1 LIMIT $2[0m  [["session_token", "CcSZ4WCJnSoe4-d4oUTxkg"], ["LIMIT", 1]]
  ↳ app/controllers/api/users_controller.rb:6
  [1m[36mLocation Load (0.5ms)[0m  [1m[34mSELECT  "locations".* FROM "locations" WHERE "locations"."id" = $1 LIMIT $2[0m  [["id", 0], ["LIMIT", 1]]
  ↳ app/controllers/api/users_controller.rb:6
  [1m[35m (0.2ms)[0m  [1m[31mROLLBACK[0m
  ↳ app/controllers/api/users_controller.rb:6
Completed 401 Unauthorized in 404ms (Views: 0.4ms | ActiveRecord: 1.9ms)


Started POST "/api/users?users[first_name]=%22elijah%22&users[last_name]=%22nam%22&users[email]=elijah@gmail.com&users[birth_date]=%2206/11/1988%22&users[gender]=Male&users[password]=[FILTERED]" for ::1 at 2020-04-07 11:41:29 -0400
Processing by Api::UsersController#create as JSON
  Parameters: {"users"=>{"first_name"=>"\"elijah\"", "last_name"=>"\"nam\"", "email"=>"elijah@gmail.com", "birth_date"=>"\"06/11/1988\"", "gender"=>"Male", "password"=>"[FILTERED]"}}
  [1m[35m (0.3ms)[0m  [1m[35mBEGIN[0m
  ↳ app/controllers/api/users_controller.rb:6
  [1m[36mUser Exists (0.6ms)[0m  [1m[34mSELECT  1 AS one FROM "users" WHERE "users"."email" = $1 LIMIT $2[0m  [["email", "elijah@gmail.com"], ["LIMIT", 1]]
  ↳ app/controllers/api/users_controller.rb:6
  [1m[36mUser Exists (0.5ms)[0m  [1m[34mSELECT  1 AS one FROM "users" WHERE "users"."session_token" = $1 LIMIT $2[0m  [["session_token", "klGUvBJZpS-SqzlpG2ACMg"], ["LIMIT", 1]]
  ↳ app/controllers/api/users_controller.rb:6
  [1m[35m (0.4ms)[0m  [1m[31mROLLBACK[0m
  ↳ app/controllers/api/users_controller.rb:6
Completed 401 Unauthorized in 422ms (Views: 0.3ms | ActiveRecord: 1.9ms)


Started GET "/" for ::1 at 2020-04-07 11:46:20 -0400
Processing by StaticPagesController#root as HTML
  Rendering static_pages/root.html.erb within layouts/application
  [1m[36mUser Load (0.7ms)[0m  [1m[34mSELECT  "users".* FROM "users" WHERE "users"."session_token" IS NULL LIMIT $1[0m  [["LIMIT", 1]]
  ↳ app/controllers/application_controller.rb:8
  Rendered static_pages/root.html.erb within layouts/application (15.6ms)
Completed 200 OK in 441ms (Views: 436.4ms | ActiveRecord: 0.7ms)


Started GET "/" for ::1 at 2020-04-07 11:48:34 -0400
Processing by StaticPagesController#root as HTML
  Rendering static_pages/root.html.erb within layouts/application
  [1m[36mUser Load (0.5ms)[0m  [1m[34mSELECT  "users".* FROM "users" WHERE "users"."session_token" IS NULL LIMIT $1[0m  [["LIMIT", 1]]
  ↳ app/controllers/application_controller.rb:8
  Rendered static_pages/root.html.erb within layouts/application (9.1ms)
Completed 200 OK in 421ms (Views: 418.0ms | ActiveRecord: 0.5ms)


Started GET "/" for ::1 at 2020-04-07 11:51:12 -0400
Processing by StaticPagesController#root as HTML
  Rendering static_pages/root.html.erb within layouts/application
  [1m[36mUser Load (0.4ms)[0m  [1m[34mSELECT  "users".* FROM "users" WHERE "users"."session_token" IS NULL LIMIT $1[0m  [["LIMIT", 1]]
  ↳ app/controllers/application_controller.rb:8
  Rendered static_pages/root.html.erb within layouts/application (18.8ms)
Completed 200 OK in 425ms (Views: 421.5ms | ActiveRecord: 0.4ms)


Started GET "/" for ::1 at 2020-04-07 13:51:46 -0400
Processing by StaticPagesController#root as HTML
  Rendering static_pages/root.html.erb within layouts/application
  [1m[36mUser Load (2.4ms)[0m  [1m[34mSELECT  "users".* FROM "users" WHERE "users"."session_token" IS NULL LIMIT $1[0m  [["LIMIT", 1]]
  ↳ app/controllers/application_controller.rb:8
  Rendered static_pages/root.html.erb within layouts/application (24.4ms)
Completed 200 OK in 783ms (Views: 774.5ms | ActiveRecord: 3.4ms)


Started GET "/" for ::1 at 2020-04-07 14:02:10 -0400
Processing by StaticPagesController#root as HTML
  Rendering static_pages/root.html.erb within layouts/application
  [1m[36mUser Load (3.6ms)[0m  [1m[34mSELECT  "users".* FROM "users" WHERE "users"."session_token" IS NULL LIMIT $1[0m  [["LIMIT", 1]]
  ↳ app/controllers/application_controller.rb:8
  Rendered static_pages/root.html.erb within layouts/application (13.4ms)
Completed 200 OK in 879ms (Views: 870.1ms | ActiveRecord: 4.1ms)


Started GET "/" for ::1 at 2020-04-07 14:27:37 -0400
Processing by StaticPagesController#root as HTML
  Rendering static_pages/root.html.erb within layouts/application
  [1m[36mUser Load (2.8ms)[0m  [1m[34mSELECT  "users".* FROM "users" WHERE "users"."session_token" IS NULL LIMIT $1[0m  [["LIMIT", 1]]
  ↳ app/controllers/application_controller.rb:8
  Rendered static_pages/root.html.erb within layouts/application (27.8ms)
Completed 200 OK in 134ms (Views: 126.0ms | ActiveRecord: 3.2ms)


Started GET "/" for ::1 at 2020-04-07 14:29:29 -0400
Processing by StaticPagesController#root as HTML
  Rendering static_pages/root.html.erb within layouts/application
  [1m[36mUser Load (0.4ms)[0m  [1m[34mSELECT  "users".* FROM "users" WHERE "users"."session_token" IS NULL LIMIT $1[0m  [["LIMIT", 1]]
  ↳ app/controllers/application_controller.rb:8
  Rendered static_pages/root.html.erb within layouts/application (14.4ms)
Completed 200 OK in 85ms (Views: 81.3ms | ActiveRecord: 0.4ms)


Started GET "/" for ::1 at 2020-04-07 14:36:41 -0400
Processing by StaticPagesController#root as HTML
  Rendering static_pages/root.html.erb within layouts/application
  [1m[36mUser Load (2.9ms)[0m  [1m[34mSELECT  "users".* FROM "users" WHERE "users"."session_token" IS NULL LIMIT $1[0m  [["LIMIT", 1]]
  ↳ app/controllers/application_controller.rb:8
  Rendered static_pages/root.html.erb within layouts/application (42.8ms)
Completed 200 OK in 139ms (Views: 116.6ms | ActiveRecord: 16.8ms)


Started GET "/" for ::1 at 2020-04-07 14:39:03 -0400
Processing by StaticPagesController#root as HTML
  Rendering static_pages/root.html.erb within layouts/application
  [1m[36mUser Load (0.6ms)[0m  [1m[34mSELECT  "users".* FROM "users" WHERE "users"."session_token" IS NULL LIMIT $1[0m  [["LIMIT", 1]]
  ↳ app/controllers/application_controller.rb:8
  Rendered static_pages/root.html.erb within layouts/application (17.1ms)
Completed 200 OK in 127ms (Views: 122.3ms | ActiveRecord: 0.6ms)


Started GET "/" for ::1 at 2020-04-07 14:40:04 -0400
Processing by StaticPagesController#root as HTML
  Rendering static_pages/root.html.erb within layouts/application
  [1m[36mUser Load (0.5ms)[0m  [1m[34mSELECT  "users".* FROM "users" WHERE "users"."session_token" IS NULL LIMIT $1[0m  [["LIMIT", 1]]
  ↳ app/controllers/application_controller.rb:8
  Rendered static_pages/root.html.erb within layouts/application (13.5ms)
Completed 200 OK in 767ms (Views: 762.5ms | ActiveRecord: 0.5ms)


Started GET "/" for ::1 at 2020-04-07 14:40:24 -0400
Processing by StaticPagesController#root as HTML
  Rendering static_pages/root.html.erb within layouts/application
  [1m[36mUser Load (0.4ms)[0m  [1m[34mSELECT  "users".* FROM "users" WHERE "users"."session_token" IS NULL LIMIT $1[0m  [["LIMIT", 1]]
  ↳ app/controllers/application_controller.rb:8
  Rendered static_pages/root.html.erb within layouts/application (28.3ms)
Completed 200 OK in 211ms (Views: 207.9ms | ActiveRecord: 0.4ms)


Started GET "/" for ::1 at 2020-04-07 14:40:48 -0400
Processing by StaticPagesController#root as HTML
  Rendering static_pages/root.html.erb within layouts/application
  [1m[36mUser Load (0.4ms)[0m  [1m[34mSELECT  "users".* FROM "users" WHERE "users"."session_token" IS NULL LIMIT $1[0m  [["LIMIT", 1]]
  ↳ app/controllers/application_controller.rb:8
  Rendered static_pages/root.html.erb within layouts/application (10.1ms)
Completed 200 OK in 880ms (Views: 875.6ms | ActiveRecord: 0.4ms)


Started GET "/" for ::1 at 2020-04-07 14:41:50 -0400
Processing by StaticPagesController#root as HTML
  Rendering static_pages/root.html.erb within layouts/application
  [1m[36mUser Load (0.7ms)[0m  [1m[34mSELECT  "users".* FROM "users" WHERE "users"."session_token" IS NULL LIMIT $1[0m  [["LIMIT", 1]]
  ↳ app/controllers/application_controller.rb:8
  Rendered static_pages/root.html.erb within layouts/application (14.2ms)
Completed 200 OK in 763ms (Views: 758.6ms | ActiveRecord: 0.7ms)


Started GET "/" for ::1 at 2020-04-07 14:41:57 -0400
Processing by StaticPagesController#root as HTML
  Rendering static_pages/root.html.erb within layouts/application
  [1m[36mUser Load (0.3ms)[0m  [1m[34mSELECT  "users".* FROM "users" WHERE "users"."session_token" IS NULL LIMIT $1[0m  [["LIMIT", 1]]
  ↳ app/controllers/application_controller.rb:8
  Rendered static_pages/root.html.erb within layouts/application (25.5ms)
Completed 200 OK in 146ms (Views: 142.9ms | ActiveRecord: 0.3ms)


Started GET "/" for ::1 at 2020-04-07 14:42:54 -0400
Processing by StaticPagesController#root as HTML
  Rendering static_pages/root.html.erb within layouts/application
  [1m[36mUser Load (0.5ms)[0m  [1m[34mSELECT  "users".* FROM "users" WHERE "users"."session_token" IS NULL LIMIT $1[0m  [["LIMIT", 1]]
  ↳ app/controllers/application_controller.rb:8
  Rendered static_pages/root.html.erb within layouts/application (18.4ms)
Completed 200 OK in 81ms (Views: 76.4ms | ActiveRecord: 0.5ms)


Started GET "/" for ::1 at 2020-04-07 14:44:22 -0400
Processing by StaticPagesController#root as HTML
  Rendering static_pages/root.html.erb within layouts/application
  [1m[36mUser Load (0.3ms)[0m  [1m[34mSELECT  "users".* FROM "users" WHERE "users"."session_token" IS NULL LIMIT $1[0m  [["LIMIT", 1]]
  ↳ app/controllers/application_controller.rb:8
  Rendered static_pages/root.html.erb within layouts/application (6.5ms)
Completed 200 OK in 77ms (Views: 73.4ms | ActiveRecord: 0.3ms)


Started GET "/" for ::1 at 2020-04-07 14:51:49 -0400
Processing by StaticPagesController#root as HTML
  Rendering static_pages/root.html.erb within layouts/application
  [1m[36mUser Load (3.0ms)[0m  [1m[34mSELECT  "users".* FROM "users" WHERE "users"."session_token" IS NULL LIMIT $1[0m  [["LIMIT", 1]]
  ↳ app/controllers/application_controller.rb:8
  Rendered static_pages/root.html.erb within layouts/application (24.7ms)
Completed 200 OK in 108ms (Views: 101.1ms | ActiveRecord: 3.5ms)


Started GET "/" for ::1 at 2020-04-07 15:17:32 -0400
Processing by StaticPagesController#root as HTML
  Rendering static_pages/root.html.erb within layouts/application
  [1m[36mUser Load (3.0ms)[0m  [1m[34mSELECT  "users".* FROM "users" WHERE "users"."session_token" IS NULL LIMIT $1[0m  [["LIMIT", 1]]
  ↳ app/controllers/application_controller.rb:8
  Rendered static_pages/root.html.erb within layouts/application (22.1ms)
Completed 200 OK in 801ms (Views: 790.8ms | ActiveRecord: 3.5ms)


Started GET "/" for ::1 at 2020-04-07 16:04:48 -0400
Processing by StaticPagesController#root as HTML
  Rendering static_pages/root.html.erb within layouts/application
  [1m[36mUser Load (2.4ms)[0m  [1m[34mSELECT  "users".* FROM "users" WHERE "users"."session_token" IS NULL LIMIT $1[0m  [["LIMIT", 1]]
  ↳ app/controllers/application_controller.rb:8
  Rendered static_pages/root.html.erb within layouts/application (11.9ms)
Completed 200 OK in 132ms (Views: 123.8ms | ActiveRecord: 2.7ms)


Started GET "/" for ::1 at 2020-04-07 16:06:35 -0400
Processing by StaticPagesController#root as HTML
  Rendering static_pages/root.html.erb within layouts/application
  [1m[36mUser Load (0.4ms)[0m  [1m[34mSELECT  "users".* FROM "users" WHERE "users"."session_token" IS NULL LIMIT $1[0m  [["LIMIT", 1]]
  ↳ app/controllers/application_controller.rb:8
  Rendered static_pages/root.html.erb within layouts/application (13.3ms)
Completed 200 OK in 100ms (Views: 97.0ms | ActiveRecord: 0.4ms)


Started GET "/" for ::1 at 2020-04-07 16:07:18 -0400
Processing by StaticPagesController#root as HTML
  Rendering static_pages/root.html.erb within layouts/application
  [1m[36mUser Load (0.5ms)[0m  [1m[34mSELECT  "users".* FROM "users" WHERE "users"."session_token" IS NULL LIMIT $1[0m  [["LIMIT", 1]]
  ↳ app/controllers/application_controller.rb:8
  Rendered static_pages/root.html.erb within layouts/application (12.8ms)
Completed 200 OK in 88ms (Views: 84.7ms | ActiveRecord: 0.5ms)


Started GET "/" for ::1 at 2020-04-07 16:10:05 -0400
Processing by StaticPagesController#root as HTML
  Rendering static_pages/root.html.erb within layouts/application
  [1m[36mUser Load (0.5ms)[0m  [1m[34mSELECT  "users".* FROM "users" WHERE "users"."session_token" IS NULL LIMIT $1[0m  [["LIMIT", 1]]
  ↳ app/controllers/application_controller.rb:8
  Rendered static_pages/root.html.erb within layouts/application (28.0ms)
Completed 200 OK in 765ms (Views: 760.4ms | ActiveRecord: 0.5ms)


Started GET "/" for ::1 at 2020-04-07 16:29:10 -0400
Processing by StaticPagesController#root as HTML
  Rendering static_pages/root.html.erb within layouts/application
  [1m[36mUser Load (1.7ms)[0m  [1m[34mSELECT  "users".* FROM "users" WHERE "users"."session_token" IS NULL LIMIT $1[0m  [["LIMIT", 1]]
  ↳ app/controllers/application_controller.rb:8
  Rendered static_pages/root.html.erb within layouts/application (19.0ms)
Completed 200 OK in 710ms (Views: 704.5ms | ActiveRecord: 2.0ms)


Started GET "/" for ::1 at 2020-04-07 16:29:28 -0400
Processing by StaticPagesController#root as HTML
  Rendering static_pages/root.html.erb within layouts/application
  [1m[36mUser Load (0.4ms)[0m  [1m[34mSELECT  "users".* FROM "users" WHERE "users"."session_token" IS NULL LIMIT $1[0m  [["LIMIT", 1]]
  ↳ app/controllers/application_controller.rb:8
  Rendered static_pages/root.html.erb within layouts/application (19.6ms)
Completed 200 OK in 796ms (Views: 792.1ms | ActiveRecord: 0.4ms)


Started GET "/" for ::1 at 2020-04-07 16:32:41 -0400
Processing by StaticPagesController#root as HTML
  Rendering static_pages/root.html.erb within layouts/application
  [1m[36mUser Load (0.5ms)[0m  [1m[34mSELECT  "users".* FROM "users" WHERE "users"."session_token" IS NULL LIMIT $1[0m  [["LIMIT", 1]]
  ↳ app/controllers/application_controller.rb:8
  Rendered static_pages/root.html.erb within layouts/application (15.3ms)
Completed 200 OK in 107ms (Views: 103.2ms | ActiveRecord: 0.5ms)


Started GET "/" for ::1 at 2020-04-07 16:40:56 -0400
Processing by StaticPagesController#root as HTML
  Rendering static_pages/root.html.erb within layouts/application
  [1m[36mUser Load (2.2ms)[0m  [1m[34mSELECT  "users".* FROM "users" WHERE "users"."session_token" IS NULL LIMIT $1[0m  [["LIMIT", 1]]
  ↳ app/controllers/application_controller.rb:8
  Rendered static_pages/root.html.erb within layouts/application (28.4ms)
Completed 200 OK in 787ms (Views: 780.6ms | ActiveRecord: 2.5ms)


Started GET "/" for ::1 at 2020-04-07 16:44:09 -0400
Processing by StaticPagesController#root as HTML
  Rendering static_pages/root.html.erb within layouts/application
  [1m[36mUser Load (0.4ms)[0m  [1m[34mSELECT  "users".* FROM "users" WHERE "users"."session_token" IS NULL LIMIT $1[0m  [["LIMIT", 1]]
  ↳ app/controllers/application_controller.rb:8
  Rendered static_pages/root.html.erb within layouts/application (16.4ms)
Completed 200 OK in 908ms (Views: 905.0ms | ActiveRecord: 0.4ms)


Started GET "/" for ::1 at 2020-04-07 16:46:33 -0400
Processing by StaticPagesController#root as HTML
  Rendering static_pages/root.html.erb within layouts/application
  [1m[36mUser Load (0.5ms)[0m  [1m[34mSELECT  "users".* FROM "users" WHERE "users"."session_token" IS NULL LIMIT $1[0m  [["LIMIT", 1]]
  ↳ app/controllers/application_controller.rb:8
  Rendered static_pages/root.html.erb within layouts/application (19.8ms)
Completed 200 OK in 104ms (Views: 100.4ms | ActiveRecord: 0.5ms)


Started GET "/" for ::1 at 2020-04-07 16:47:42 -0400
Processing by StaticPagesController#root as HTML
  Rendering static_pages/root.html.erb within layouts/application
  [1m[36mUser Load (0.9ms)[0m  [1m[34mSELECT  "users".* FROM "users" WHERE "users"."session_token" IS NULL LIMIT $1[0m  [["LIMIT", 1]]
  ↳ app/controllers/application_controller.rb:8
  Rendered static_pages/root.html.erb within layouts/application (27.9ms)
Completed 200 OK in 929ms (Views: 925.0ms | ActiveRecord: 0.9ms)


Started GET "/" for ::1 at 2020-04-07 16:49:26 -0400
Processing by StaticPagesController#root as HTML
  Rendering static_pages/root.html.erb within layouts/application
  [1m[36mUser Load (0.6ms)[0m  [1m[34mSELECT  "users".* FROM "users" WHERE "users"."session_token" IS NULL LIMIT $1[0m  [["LIMIT", 1]]
  ↳ app/controllers/application_controller.rb:8
  Rendered static_pages/root.html.erb within layouts/application (13.4ms)
Completed 200 OK in 787ms (Views: 783.2ms | ActiveRecord: 0.6ms)


Started GET "/login" for ::1 at 2020-04-07 17:00:10 -0400
  
ActionController::RoutingError (No route matches [GET] "/login"):
  
actionpack (5.2.4.2) lib/action_dispatch/middleware/debug_exceptions.rb:65:in `call'
web-console (3.7.0) lib/web_console/middleware.rb:135:in `call_app'
web-console (3.7.0) lib/web_console/middleware.rb:30:in `block in call'
web-console (3.7.0) lib/web_console/middleware.rb:20:in `catch'
web-console (3.7.0) lib/web_console/middleware.rb:20:in `call'
actionpack (5.2.4.2) lib/action_dispatch/middleware/show_exceptions.rb:33:in `call'
railties (5.2.4.2) lib/rails/rack/logger.rb:38:in `call_app'
railties (5.2.4.2) lib/rails/rack/logger.rb:26:in `block in call'
activesupport (5.2.4.2) lib/active_support/tagged_logging.rb:71:in `block in tagged'
activesupport (5.2.4.2) lib/active_support/tagged_logging.rb:28:in `tagged'
activesupport (5.2.4.2) lib/active_support/tagged_logging.rb:71:in `tagged'
railties (5.2.4.2) lib/rails/rack/logger.rb:26:in `call'
sprockets-rails (3.2.1) lib/sprockets/rails/quiet_assets.rb:13:in `call'
actionpack (5.2.4.2) lib/action_dispatch/middleware/remote_ip.rb:81:in `call'
actionpack (5.2.4.2) lib/action_dispatch/middleware/request_id.rb:27:in `call'
rack (2.2.2) lib/rack/method_override.rb:24:in `call'
rack (2.2.2) lib/rack/runtime.rb:22:in `call'
activesupport (5.2.4.2) lib/active_support/cache/strategy/local_cache_middleware.rb:29:in `call'
actionpack (5.2.4.2) lib/action_dispatch/middleware/executor.rb:14:in `call'
actionpack (5.2.4.2) lib/action_dispatch/middleware/static.rb:127:in `call'
rack (2.2.2) lib/rack/sendfile.rb:110:in `call'
railties (5.2.4.2) lib/rails/engine.rb:524:in `call'
puma (3.12.4) lib/puma/configuration.rb:227:in `call'
puma (3.12.4) lib/puma/server.rb:675:in `handle_request'
puma (3.12.4) lib/puma/server.rb:476:in `process_client'
puma (3.12.4) lib/puma/server.rb:334:in `block in run'
puma (3.12.4) lib/puma/thread_pool.rb:135:in `block in spawn_thread'
Started GET "/auth/login" for ::1 at 2020-04-07 17:00:22 -0400
  
ActionController::RoutingError (No route matches [GET] "/auth/login"):
  
actionpack (5.2.4.2) lib/action_dispatch/middleware/debug_exceptions.rb:65:in `call'
web-console (3.7.0) lib/web_console/middleware.rb:135:in `call_app'
web-console (3.7.0) lib/web_console/middleware.rb:30:in `block in call'
web-console (3.7.0) lib/web_console/middleware.rb:20:in `catch'
web-console (3.7.0) lib/web_console/middleware.rb:20:in `call'
actionpack (5.2.4.2) lib/action_dispatch/middleware/show_exceptions.rb:33:in `call'
railties (5.2.4.2) lib/rails/rack/logger.rb:38:in `call_app'
railties (5.2.4.2) lib/rails/rack/logger.rb:26:in `block in call'
activesupport (5.2.4.2) lib/active_support/tagged_logging.rb:71:in `block in tagged'
activesupport (5.2.4.2) lib/active_support/tagged_logging.rb:28:in `tagged'
activesupport (5.2.4.2) lib/active_support/tagged_logging.rb:71:in `tagged'
railties (5.2.4.2) lib/rails/rack/logger.rb:26:in `call'
sprockets-rails (3.2.1) lib/sprockets/rails/quiet_assets.rb:13:in `call'
actionpack (5.2.4.2) lib/action_dispatch/middleware/remote_ip.rb:81:in `call'
actionpack (5.2.4.2) lib/action_dispatch/middleware/request_id.rb:27:in `call'
rack (2.2.2) lib/rack/method_override.rb:24:in `call'
rack (2.2.2) lib/rack/runtime.rb:22:in `call'
activesupport (5.2.4.2) lib/active_support/cache/strategy/local_cache_middleware.rb:29:in `call'
actionpack (5.2.4.2) lib/action_dispatch/middleware/executor.rb:14:in `call'
actionpack (5.2.4.2) lib/action_dispatch/middleware/static.rb:127:in `call'
rack (2.2.2) lib/rack/sendfile.rb:110:in `call'
railties (5.2.4.2) lib/rails/engine.rb:524:in `call'
puma (3.12.4) lib/puma/configuration.rb:227:in `call'
puma (3.12.4) lib/puma/server.rb:675:in `handle_request'
puma (3.12.4) lib/puma/server.rb:476:in `process_client'
puma (3.12.4) lib/puma/server.rb:334:in `block in run'
puma (3.12.4) lib/puma/thread_pool.rb:135:in `block in spawn_thread'
Started GET "/" for ::1 at 2020-04-07 17:18:16 -0400
Processing by StaticPagesController#root as HTML
  Rendering static_pages/root.html.erb within layouts/application
  [1m[36mUser Load (1.5ms)[0m  [1m[34mSELECT  "users".* FROM "users" WHERE "users"."session_token" IS NULL LIMIT $1[0m  [["LIMIT", 1]]
  ↳ app/controllers/application_controller.rb:8
  Rendered static_pages/root.html.erb within layouts/application (17.2ms)
Completed 200 OK in 449ms (Views: 443.7ms | ActiveRecord: 1.8ms)


Started GET "/" for ::1 at 2020-04-07 17:18:51 -0400
Processing by StaticPagesController#root as HTML
  Rendering static_pages/root.html.erb within layouts/application
  [1m[36mUser Load (0.6ms)[0m  [1m[34mSELECT  "users".* FROM "users" WHERE "users"."session_token" IS NULL LIMIT $1[0m  [["LIMIT", 1]]
  ↳ app/controllers/application_controller.rb:8
  Rendered static_pages/root.html.erb within layouts/application (18.3ms)
Completed 200 OK in 503ms (Views: 498.9ms | ActiveRecord: 0.6ms)


Started GET "/" for ::1 at 2020-04-07 17:23:34 -0400
Processing by StaticPagesController#root as HTML
  Rendering static_pages/root.html.erb within layouts/application
  [1m[36mUser Load (0.5ms)[0m  [1m[34mSELECT  "users".* FROM "users" WHERE "users"."session_token" IS NULL LIMIT $1[0m  [["LIMIT", 1]]
  ↳ app/controllers/application_controller.rb:8
  Rendered static_pages/root.html.erb within layouts/application (12.0ms)
Completed 500 Internal Server Error in 58ms (ActiveRecord: 0.5ms)



Sprockets::FileNotFound - couldn't find file 'reset' with type 'text/css'
Checked in these paths: 
  /mnt/c/Users/19088/Desktop/App_Academy/FullStackProject/TraceMyPace/app/assets/config
  /mnt/c/Users/19088/Desktop/App_Academy/FullStackProject/TraceMyPace/app/assets/images
  /mnt/c/Users/19088/Desktop/App_Academy/FullStackProject/TraceMyPace/app/assets/javascripts
  /mnt/c/Users/19088/Desktop/App_Academy/FullStackProject/TraceMyPace/app/assets/stylesheets
  /home/sunghan/.rbenv/versions/2.5.1/lib/ruby/gems/2.5.0/gems/jquery-rails-4.3.5/vendor/assets/javascripts
  /home/sunghan/.rbenv/versions/2.5.1/lib/ruby/gems/2.5.0/gems/coffee-rails-4.2.2/lib/assets/javascripts
  /home/sunghan/.rbenv/versions/2.5.1/lib/ruby/gems/2.5.0/gems/actioncable-5.2.4.2/lib/assets/compiled
  /home/sunghan/.rbenv/versions/2.5.1/lib/ruby/gems/2.5.0/gems/activestorage-5.2.4.2/app/assets/javascripts
  /home/sunghan/.rbenv/versions/2.5.1/lib/ruby/gems/2.5.0/gems/actionview-5.2.4.2/lib/assets/compiled
  /mnt/c/Users/19088/Desktop/App_Academy/FullStackProject/TraceMyPace/node_modules:
  app/views/layouts/application.html.erb:8:in `_app_views_layouts_application_html_erb__2940644062660768457_70053149221520'

Started POST "/__better_errors/103f365e0c7ff0bd/variables" for ::1 at 2020-04-07 17:23:35 -0400
Started GET "/" for ::1 at 2020-04-07 17:23:48 -0400
Processing by StaticPagesController#root as HTML
  Rendering static_pages/root.html.erb within layouts/application
  [1m[36mUser Load (0.4ms)[0m  [1m[34mSELECT  "users".* FROM "users" WHERE "users"."session_token" IS NULL LIMIT $1[0m  [["LIMIT", 1]]
  ↳ app/controllers/application_controller.rb:8
  Rendered static_pages/root.html.erb within layouts/application (11.9ms)
Completed 200 OK in 378ms (Views: 375.1ms | ActiveRecord: 0.4ms)


Started GET "/" for ::1 at 2020-04-07 17:46:46 -0400
Processing by StaticPagesController#root as HTML
  Rendering static_pages/root.html.erb within layouts/application
  [1m[36mUser Load (2.9ms)[0m  [1m[34mSELECT  "users".* FROM "users" WHERE "users"."session_token" IS NULL LIMIT $1[0m  [["LIMIT", 1]]
  ↳ app/controllers/application_controller.rb:8
  Rendered static_pages/root.html.erb within layouts/application (12.4ms)
Completed 200 OK in 178ms (Views: 171.4ms | ActiveRecord: 3.3ms)


  
ActionController::RoutingError (No route matches [GET] "/assets/fonts/Helvetica95Black.ttf"):
  
actionpack (5.2.4.2) lib/action_dispatch/middleware/debug_exceptions.rb:65:in `call'
web-console (3.7.0) lib/web_console/middleware.rb:135:in `call_app'
web-console (3.7.0) lib/web_console/middleware.rb:30:in `block in call'
web-console (3.7.0) lib/web_console/middleware.rb:20:in `catch'
web-console (3.7.0) lib/web_console/middleware.rb:20:in `call'
actionpack (5.2.4.2) lib/action_dispatch/middleware/show_exceptions.rb:33:in `call'
railties (5.2.4.2) lib/rails/rack/logger.rb:38:in `call_app'
railties (5.2.4.2) lib/rails/rack/logger.rb:26:in `block in call'
activesupport (5.2.4.2) lib/active_support/tagged_logging.rb:71:in `block in tagged'
activesupport (5.2.4.2) lib/active_support/tagged_logging.rb:28:in `tagged'
activesupport (5.2.4.2) lib/active_support/tagged_logging.rb:71:in `tagged'
railties (5.2.4.2) lib/rails/rack/logger.rb:26:in `call'
sprockets-rails (3.2.1) lib/sprockets/rails/quiet_assets.rb:11:in `block in call'
activesupport (5.2.4.2) lib/active_support/logger_silence.rb:21:in `silence'
activesupport (5.2.4.2) lib/active_support/logger.rb:65:in `block (3 levels) in broadcast'
activesupport (5.2.4.2) lib/active_support/logger_silence.rb:21:in `silence'
activesupport (5.2.4.2) lib/active_support/logger.rb:63:in `block (2 levels) in broadcast'
sprockets-rails (3.2.1) lib/sprockets/rails/quiet_assets.rb:11:in `call'
actionpack (5.2.4.2) lib/action_dispatch/middleware/remote_ip.rb:81:in `call'
actionpack (5.2.4.2) lib/action_dispatch/middleware/request_id.rb:27:in `call'
rack (2.2.2) lib/rack/method_override.rb:24:in `call'
rack (2.2.2) lib/rack/runtime.rb:22:in `call'
activesupport (5.2.4.2) lib/active_support/cache/strategy/local_cache_middleware.rb:29:in `call'
actionpack (5.2.4.2) lib/action_dispatch/middleware/executor.rb:14:in `call'
actionpack (5.2.4.2) lib/action_dispatch/middleware/static.rb:127:in `call'
rack (2.2.2) lib/rack/sendfile.rb:110:in `call'
railties (5.2.4.2) lib/rails/engine.rb:524:in `call'
puma (3.12.4) lib/puma/configuration.rb:227:in `call'
puma (3.12.4) lib/puma/server.rb:675:in `handle_request'
puma (3.12.4) lib/puma/server.rb:476:in `process_client'
puma (3.12.4) lib/puma/server.rb:334:in `block in run'
puma (3.12.4) lib/puma/thread_pool.rb:135:in `block in spawn_thread'
